c:\users\egorz\onedrive\рабочий стол\курсач пнаяву\crmsystem kovalchuk edition\crm\x64\debug\vc143.pdb
c:\users\egorz\onedrive\рабочий стол\курсач пнаяву\crmsystem kovalchuk edition\crm\x64\debug\vc143.idb
c:\users\egorz\onedrive\рабочий стол\курсач пнаяву\crmsystem kovalchuk edition\crm\x64\debug\sysorder.obj
c:\users\egorz\onedrive\рабочий стол\курсач пнаяву\crmsystem kovalchuk edition\crm\x64\debug\order.obj
c:\users\egorz\onedrive\рабочий стол\курсач пнаяву\crmsystem kovalchuk edition\crm\x64\debug\interface.obj
c:\users\egorz\onedrive\рабочий стол\курсач пнаяву\crmsystem kovalchuk edition\crm\x64\debug\engorder.obj
c:\users\egorz\onedrive\рабочий стол\курсач пнаяву\crmsystem kovalchuk edition\crm\x64\debug\crm.obj
c:\users\egorz\onedrive\рабочий стол\курсач пнаяву\crmsystem kovalchuk edition\crm\x64\debug\clientfeedback.obj
c:\users\egorz\onedrive\рабочий стол\курсач пнаяву\crmsystem kovalchuk edition\crm\x64\debug\clientcall.obj
c:\users\egorz\onedrive\рабочий стол\курсач пнаяву\crmsystem kovalchuk edition\crm\x64\debug\devorder.obj
c:\users\egorz\onedrive\рабочий стол\курсач пнаяву\crmsystem kovalchuk edition\crm\x64\debug\input_exc.obj
c:\users\egorz\onedrive\рабочий стол\курсач пнаяву\crmsystem kovalchuk edition\crm\x64\debug\file_exc.obj
c:\users\egorz\onedrive\рабочий стол\курсач пнаяву\crmsystem kovalchuk edition\crm\x64\debug\exception.obj
c:\users\egorz\onedrive\рабочий стол\курсач пнаяву\crmsystem kovalchuk edition\crm\x64\debug\file.obj
c:\users\egorz\onedrive\рабочий стол\курсач пнаяву\crmsystem kovalchuk edition\crm\x64\debug\entity.obj
c:\users\egorz\onedrive\рабочий стол\курсач пнаяву\crmsystem kovalchuk edition\crm\x64\debug\customer.obj
c:\users\egorz\onedrive\рабочий стол\курсач пнаяву\crmsystem kovalchuk edition\crm\x64\debug\filter.obj
c:\users\egorz\onedrive\рабочий стол\курсач пнаяву\crmsystem kovalchuk edition\crm\x64\debug\algorithm.obj
c:\users\egorz\onedrive\рабочий стол\курсач пнаяву\crmsystem kovalchuk edition\crm\x64\debug\crm.exe
c:\users\egorz\onedrive\рабочий стол\курсач пнаяву\crmsystem kovalchuk edition\crm\x64\debug\crm.ilk
c:\users\egorz\onedrive\рабочий стол\курсач пнаяву\crmsystem kovalchuk edition\crm\x64\debug\crm.pdb
c:\users\egorz\onedrive\рабочий стол\курсач пнаяву\crmsystem kovalchuk edition\crm\x64\debug\crm.res
c:\users\egorz\onedrive\рабочий стол\курсач пнаяву\crmsystem kovalchuk edition\crm\x64\debug\crm.tlog\cl.command.1.tlog
c:\users\egorz\onedrive\рабочий стол\курсач пнаяву\crmsystem kovalchuk edition\crm\x64\debug\crm.tlog\cl.read.1.tlog
c:\users\egorz\onedrive\рабочий стол\курсач пнаяву\crmsystem kovalchuk edition\crm\x64\debug\crm.tlog\cl.write.1.tlog
c:\users\egorz\onedrive\рабочий стол\курсач пнаяву\crmsystem kovalchuk edition\crm\x64\debug\crm.tlog\link.command.1.tlog
c:\users\egorz\onedrive\рабочий стол\курсач пнаяву\crmsystem kovalchuk edition\crm\x64\debug\crm.tlog\link.read.1.tlog
c:\users\egorz\onedrive\рабочий стол\курсач пнаяву\crmsystem kovalchuk edition\crm\x64\debug\crm.tlog\link.write.1.tlog
c:\users\egorz\onedrive\рабочий стол\курсач пнаяву\crmsystem kovalchuk edition\crm\x64\debug\crm.tlog\rc.command.1.tlog
c:\users\egorz\onedrive\рабочий стол\курсач пнаяву\crmsystem kovalchuk edition\crm\x64\debug\crm.tlog\rc.read.1.tlog
c:\users\egorz\onedrive\рабочий стол\курсач пнаяву\crmsystem kovalchuk edition\crm\x64\debug\crm.tlog\rc.write.1.tlog
